<?xml version="1.0" encoding="UTF-8"?>
<!-- Generated by org.testng.reporters.JUnitReportReporter -->
<testsuite hostname="LAPTOP-C1K87L6V" failures="0" tests="1" name="org.testing.testScripts.TC3_GetParticularRequest" time="0.067" errors="0" timestamp="2023-07-30T11:23:28 IST" skipped="0">
  <testcase classname="org.testing.testScripts.TC3_GetParticularRequest" name="testCase3" time="0.067"/>
</testsuite> <!-- org.testing.testScripts.TC3_GetParticularRequest -->
